
C:\WindowsBECalPackage\GDAL_BE_Cplusplus\x64\Release\gdal.dll
C:\WindowsBECalPackage\GDAL_BE_Cplusplus\x64\Release\zlib1.dll
C:\WindowsBECalPackage\GDAL_BE_Cplusplus\x64\Release\libcrypto-3-x64.dll
C:\WindowsBECalPackage\GDAL_BE_Cplusplus\x64\Release\libssl-3-x64.dll
C:\WindowsBECalPackage\GDAL_BE_Cplusplus\x64\Release\liblzma.dll
C:\WindowsBECalPackage\GDAL_BE_Cplusplus\x64\Release\qhull_r.dll
C:\WindowsBECalPackage\GDAL_BE_Cplusplus\x64\Release\jpeg62.dll
C:\WindowsBECalPackage\GDAL_BE_Cplusplus\x64\Release\tiff.dll
C:\WindowsBECalPackage\GDAL_BE_Cplusplus\x64\Release\geotiff.dll
C:\WindowsBECalPackage\GDAL_BE_Cplusplus\x64\Release\proj.dll
C:\WindowsBECalPackage\GDAL_BE_Cplusplus\x64\Release\sqlite3.dll
C:\WindowsBECalPackage\GDAL_BE_Cplusplus\x64\Release\libcurl.dll
C:\WindowsBECalPackage\GDAL_BE_Cplusplus\x64\Release\libpng16.dll
C:\WindowsBECalPackage\GDAL_BE_Cplusplus\x64\Release\Lerc.dll
C:\WindowsBECalPackage\GDAL_BE_Cplusplus\x64\Release\zstd.dll
C:\WindowsBECalPackage\GDAL_BE_Cplusplus\x64\Release\gif.dll
C:\WindowsBECalPackage\GDAL_BE_Cplusplus\x64\Release\netcdf.dll
C:\WindowsBECalPackage\GDAL_BE_Cplusplus\x64\Release\hdf5_hl.dll
C:\WindowsBECalPackage\GDAL_BE_Cplusplus\x64\Release\hdf5.dll
C:\WindowsBECalPackage\GDAL_BE_Cplusplus\x64\Release\szip.dll
C:\WindowsBECalPackage\GDAL_BE_Cplusplus\x64\Release\libwebp.dll
C:\WindowsBECalPackage\GDAL_BE_Cplusplus\x64\Release\libsharpyuv.dll
C:\WindowsBECalPackage\GDAL_BE_Cplusplus\x64\Release\LIBPQ.dll
C:\WindowsBECalPackage\GDAL_BE_Cplusplus\x64\Release\pcre2-8.dll
C:\WindowsBECalPackage\GDAL_BE_Cplusplus\x64\Release\libexpat.dll
C:\WindowsBECalPackage\GDAL_BE_Cplusplus\x64\Release\libxml2.dll
C:\WindowsBECalPackage\GDAL_BE_Cplusplus\x64\Release\iconv-2.dll
C:\WindowsBECalPackage\GDAL_BE_Cplusplus\x64\Release\geos_c.dll
C:\WindowsBECalPackage\GDAL_BE_Cplusplus\x64\Release\geos.dll
C:\WindowsBECalPackage\GDAL_BE_Cplusplus\x64\Release\json-c.dll
C:\WindowsBECalPackage\GDAL_BE_Cplusplus\x64\Release\openjp2.dll
C:\WindowsBECalPackage\GDAL_BE_Cplusplus\x64\Release\spatialite.dll
C:\WindowsBECalPackage\GDAL_BE_Cplusplus\x64\Release\freexl-1.dll
C:\WindowsBECalPackage\GDAL_BE_Cplusplus\x64\Release\minizip.dll
